1456244981283	0	B	Logging Begins
1456245048526	0	E	Logging Ends
1456245066697	0	B	Logging Begins
1456245126153	0	START
1456245126170	1	PROB	'1 + 1 + 6 = '	'8'	1	1902	2
1456245128103	1	PROB	'9 + 3 + 4 = '	'16'	1	2832	2
1456245130969	1	PROB	'5 + 8 + 7 = '	'20'	1	2103	2
1456245133104	1	PROB	'9 + 7 + 2 = '	'18'	1	1904	2
1456245135038	1	PROB	'7 + 1 + 5 = '	'13'	1	2400	2
1456245137471	1	PROB	'8 + 5 + 2 = '	'15'	1	3192	1
1456245140688	1	PROB	'7 + 9 + 5 = '	'19'	0	4456	2
1456245145173	1	PROB	'8 + 3 + 7 = '	'18'	1	1802	2
1456245146975	1	STOP
1456245232041	0	START
1456245232057	1	PROB	'5 + 2 + 5 = '	'12'	1	2694	2
1456245234773	1	PROB	'2 + 4 + 4 = '	'10'	1	1443	2
1456245236241	1	PROB	'1 + 4 + 2 = '	'7'	1	4358	1
1456245240625	1	PROB	'3 + 6 + 9 = '	'18'	1	1998	2
1456245242658	1	PROB	'6 + 8 + 3 = '	'17'	1	2341	2
1456245245026	1	PROB	'2 + 2 + 2 = '	'6'	1	2022	2
1456245247077	1	PROB	'3 + 4 + 5 = '	'12'	1	2650	2
1456245249760	1	PROB	'7 + 9 + 7 = '	'22'	0	4616	2
1456245254376	1	STOP
1456245337445	0	START
1456245337460	1	PROB	'1 + 8 + 8 = '	'17'	1	4339	1
1456245341828	1	PROB	'8 + 4 + 4 = '	'16'	1	1787	2
1456245343645	1	PROB	'8 + 4 + 6 = '	'18'	1	2938	1
1456245346612	1	PROB	'4 + 7 + 2 = '	'13'	1	1668	2
1456245348313	1	PROB	'7 + 1 + 9 = '	'17'	1	1863	2
1456245350197	1	PROB	'9 + 6 + 4 = '	'19'	1	1666	2
1456245351897	1	PROB	'1 + 2 + 1 = '	'4'	1	1487	2
1456245353414	1	PROB	'9 + 5 + 7 = '	'21'	1	2576	2
1456245356015	1	PROB	'7 + 9 + 1 = '	'17'	1	2552	2
1456245358567	1	STOP
1456245435997	0	START
1456245436014	1	PROB	'4 + 1 + 6 = '	'11'	1	4033	2
1456245440082	1	PROB	'5 + 5 + 1 = '	'11'	1	1206	2
1456245441315	1	PROB	'6 + 6 + 6 = '	'18'	1	1540	2
1456245442881	1	PROB	'7 + 4 + 4 = '	'15'	1	2191	2
1456245445099	1	PROB	'3 + 4 + 3 = '	'10'	1	1788	1
1456245446915	1	PROB	'3 + 8 + 3 = '	'14'	1	1676	2
1456245448616	1	PROB	'8 + 6 + 6 = '	'20'	1	2552	1
1456245451200	1	PROB	'6 + 6 + 2 = '	'14'	1	1671	1
1456245452900	1	PROB	'3 + 5 + 3 = '	'11'	1	2364	2
1456245455285	1	PROB	'1 + 2 + 2 = '	'5'	1	1330	2
1456245456615	1	STOP
1456245536984	0	START
1456245537001	1	PROB	'4 + 7 + 8 = '	'19'	1	2311	2
1456245539334	1	PROB	'9 + 9 + 2 = '	'20'	1	1384	2
1456245540750	1	PROB	'4 + 9 + 7 = '	'20'	1	2033	2
1456245542817	1	PROB	'5 + 1 + 7 = '	'13'	1	4543	2
1456245547386	1	PROB	'2 + 4 + 3 = '	'9'	1	2189	1
1456245549602	1	PROB	'1 + 8 + 5 = '	'14'	1	4814	2
1456245554437	1	PROB	'8 + 8 + 4 = '	'20'	1	3322	2
1456245557759	1	STOP
1456245639954	0	START
1456245639970	1	PROB	'6 + 6 + 2 = '	'14'	1	1725	2
1456245641720	1	PROB	'8 + 1 + 6 = '	'15'	1	1823	1
1456245643571	1	PROB	'4 + 8 + 6 = '	'18'	1	1637	1
1456245645239	1	PROB	'2 + 9 + 6 = '	'17'	1	1696	1
1456245646955	1	PROB	'7 + 1 + 1 = '	'9'	1	1165	1
1456245648156	1	PROB	'8 + 5 + 3 = '	'16'	1	1627	2
1456245649805	1	PROB	'6 + 5 + 5 = '	'16'	1	1914	2
1456245651739	1	PROB	'3 + 1 + 9 = '	'13'	1	1780	1
1456245653539	1	PROB	'7 + 1 + 2 = '	'10'	1	1613	1
1456245655174	1	PROB	'9 + 1 + 2 = '	'12'	1	1713	2
1456245656923	1	PROB	'4 + 6 + 1 = '	'11'	1	1516	1
1456245658474	1	PROB	'9 + 6 + 8 = '	'23'	1	6021	2
1456245664495	1	STOP
1456245739341	0	START
1456245739357	1	PROB	'8 + 2 + 7 = '	'17'	1	5051	2
1456245744441	1	PROB	'7 + 4 + 8 = '	'19'	1	2911	1
1456245747376	1	PROB	'6 + 7 + 3 = '	'16'	1	1712	2
1456245749109	1	PROB	'3 + 5 + 4 = '	'12'	1	1626	1
1456245750759	1	PROB	'1 + 1 + 4 = '	'6'	1	1688	2
1456245752476	1	PROB	'4 + 3 + 6 = '	'14'	0	1876	2
1456245754377	1	PROB	'5 + 6 + 8 = '	'19'	1	1903	2
1456245756311	1	PROB	'6 + 7 + 5 = '	'18'	1	2264	2
1456245758610	1	PROB	'3 + 3 + 3 = '	'9'	1	1558	1
1456245760168	0	STOP
1456245840161	0	START
1456245840177	1	PROB	'7 + 9 + 8 = '	'24'	1	4278	2
1456245844477	1	PROB	'1 + 5 + 5 = '	'11'	1	1322	1
1456245845827	1	PROB	'4 + 2 + 1 = '	'8'	0	1589	2
1456245847444	1	PROB	'1 + 8 + 6 = '	'15'	1	2868	2
1456245850346	1	PROB	'4 + 1 + 9 = '	'14'	1	2172	2
1456245852545	1	PROB	'1 + 8 + 7 = '	'16'	1	1719	2
1456245854297	1	PROB	'3 + 1 + 4 = '	'8'	1	1678	1
1456245855996	1	PROB	'7 + 8 + 3 = '	'18'	1	1835	1
1456245857863	1	PROB	'8 + 3 + 7 = '	'18'	1	1672	1
1456245859564	1	PROB	'6 + 1 + 7 = '	'14'	1	1644	1
1456245861208	0	STOP
1456245935546	0	START
1456245935562	1	PROB	'8 + 1 + 4 = '	'13'	1	7101	1
1456245942697	1	PROB	'8 + 2 + 5 = '	'15'	1	1655	2
1456245944381	1	PROB	'6 + 8 + 6 = '	'20'	1	6050	2
1456245950465	1	PROB	'4 + 6 + 6 = '	'16'	1	1855	2
1456245952349	1	PROB	'7 + 4 + 9 = '	'12'	0	3747	2
1456245956096	1	STOP
1456246030681	0	START
1456246030697	1	PROB	'7 + 6 + 2 = '	'15'	1	4062	1
1456246034781	1	PROB	'8 + 6 + 6 = '	'20'	1	2178	1
1456246036982	1	PROB	'5 + 6 + 3 = '	'14'	1	2777	2
1456246039782	1	PROB	'3 + 9 + 5 = '	'17'	1	2346	2
1456246042151	1	PROB	'5 + 4 + 9 = '	'18'	1	2017	2
1456246044201	1	PROB	'6 + 5 + 5 = '	'17'	0	1999	2
1456246046235	1	PROB	'9 + 9 + 1 = '	'19'	1	2005	2
1456246048268	1	PROB	'7 + 7 + 2 = '	'16'	1	1940	1
1456246050235	1	PROB	'7 + 7 + 2 = '	'16'	1	1893	1
1456246052128	0	STOP
1456246133053	0	START
1456246133069	1	PROB	'5 + 5 + 4 = '	'14'	1	1874	1
1456246134968	1	PROB	'6 + 9 + 1 = '	'14'	0	2144	2
1456246137136	1	PROB	'9 + 7 + 3 = '	'19'	1	1976	2
1456246139136	1	PROB	'6 + 7 + 2 = '	'15'	1	2176	2
1456246141337	1	PROB	'8 + 1 + 3 = '	'12'	1	1847	2
1456246143204	1	PROB	'7 + 5 + 7 = '	'19'	1	1964	1
1456246145188	1	PROB	'6 + 6 + 2 = '	'14'	1	1908	2
1456246147121	1	PROB	'8 + 8 + 6 = '	'22'	1	3279	2
1456246150422	1	PROB	'2 + 2 + 3 = '	'7'	1	2650	2
1456246153072	1	STOP
1456246232372	0	START
1456246232388	1	PROB	'2 + 1 + 4 = '	'7'	1	2403	2
1456246234821	1	PROB	'2 + 4 + 3 = '	'9'	1	2642	2
1456246237488	1	PROB	'8 + 2 + 9 = '	'19'	1	1648	2
1456246239173	1	PROB	'5 + 7 + 8 = '	'20'	1	1931	2
1456246241140	1	PROB	'3 + 9 + 2 = '	'15'	0	1755	2
1456246242923	1	PROB	'6 + 2 + 4 = '	'12'	1	2301	2
1456246245257	1	PROB	'3 + 1 + 2 = '	'6'	1	2206	2
1456246247490	1	PROB	'5 + 9 + 1 = '	'15'	1	1989	1
1456246249507	1	PROB	'1 + 7 + 2 = '	'10'	1	2004	2
1456246251541	1	PROB	'3 + 3 + 7 = '	'13'	1	2210	2
1456246253751	1	STOP
1456246328275	0	START
1456246328290	1	PROB	'8 + 8 + 5 = '	'21'	1	1605	1
1456246329923	1	PROB	'4 + 8 + 1 = '	'13'	1	1716	1
1456246331674	1	PROB	'2 + 1 + 6 = '	'9'	1	1598	1
1456246333308	1	PROB	'7 + 6 + 5 = '	'18'	1	1876	2
1456246335208	1	PROB	'1 + 3 + 7 = '	'11'	1	1695	2
1456246336925	1	PROB	'9 + 4 + 9 = '	'22'	1	2107	1
1456246339059	1	PROB	'4 + 1 + 3 = '	'8'	1	1732	2
1456246340825	1	PROB	'8 + 1 + 7 = '	'15'	0	2215	2
1456246343060	1	PROB	'8 + 6 + 9 = '	'23'	1	4204	2
1456246347294	1	PROB	'6 + 6 + 1 = '	'13'	1	1657	2
1456246348951	1	STOP
1456245065426	0	E	Logging Ends
