1456244981283	0	B	Logging Begins
1456245048526	0	E	Logging Ends
1456245066697	0	B	Logging Begins
1456245066831	0	SESS_START	1	NONSTIM_SESSION	v_1.05
1456245082927	0	COUNTDOWN_START
1456245093355	0	COUNTDOWN_END
1456245096963	1	PRACTICE_WORD	TONGUE
1456245099348	1	PRACTICE_WORD	WAGON
1456245101947	1	PRACTICE_WORD	FLOOD
1456245104348	1	PRACTICE_WORD	BEAM
1456245106731	1	PRACTICE_WORD	RHINO
1456245109316	1	PRACTICE_WORD	WATCH
1456245111899	1	PRACTICE_WORD	RING
1456245114516	1	PRACTICE_WORD	IRON
1456245117068	1	PRACTICE_WORD	COTTON
1456245119484	1	PRACTICE_WORD	ATTIC
1456245122052	1	PRACTICE_WORD	CAMEL
1456245124535	1	PRACTICE_WORD	CHEST
1456245126153	0	PRACTICE_DISTRACT_START
1456245146989	0	PRACTICE_DISTRACT_END
1456245147525	1	PRACTICE_REC_START
1456245178041	1	PRACTICE_REC_END
1456245189998	0	TRIAL	1	STIM_PARAMS	0
1456245189998	0	COUNTDOWN_START
1456245200426	0	COUNTDOWN_END
1456245200433	1	ORIENT
1456245202834	1	WORD	text	COIN	0	NO_STIM
1456245205385	1	WORD	text	TOOL	1	NO_STIM
1456245207968	1	WORD	text	MAIL	2	NO_STIM
1456245210469	1	WORD	text	RAIN	3	NO_STIM
1456245213037	1	WORD	text	BANK	4	NO_STIM
1456245215570	1	WORD	text	KEY	5	NO_STIM
1456245218104	1	WORD	text	ARK	6	NO_STIM
1456245220571	1	WORD	text	SHEET	7	NO_STIM
1456245222954	1	WORD	text	PHONE	8	NO_STIM
1456245225406	1	WORD	text	CLOTH	9	NO_STIM
1456245227822	1	WORD	text	BOOK	10	NO_STIM
1456245230439	1	WORD	text	RAKE	11	NO_STIM
1456245232040	0	DISTRACT_START
1456245254395	0	DISTRACT_END
1456245255512	1	REC_START
1456245285521	1	REC_END
1456245295502	0	TRIAL	2	STIM_PARAMS	0
1456245295502	0	COUNTDOWN_START
1456245305930	0	COUNTDOWN_END
1456245305937	1	ORIENT
1456245308339	1	WORD	text	FOX	0	NO_STIM
1456245310805	1	WORD	text	FARM	1	NO_STIM
1456245313407	1	WORD	text	CROW	2	NO_STIM
1456245315939	1	WORD	text	MUD	3	NO_STIM
1456245318457	1	WORD	text	BAG	4	NO_STIM
1456245321025	1	WORD	text	BRANCH	5	NO_STIM
1456245323441	1	WORD	text	ELF	6	NO_STIM
1456245325975	1	WORD	text	TOE	7	NO_STIM
1456245328360	1	WORD	text	WEB	8	NO_STIM
1456245330792	1	WORD	text	COW	9	NO_STIM
1456245333277	1	WORD	text	CANE	10	NO_STIM
1456245335827	1	WORD	text	VINE	11	NO_STIM
1456245337444	0	DISTRACT_START
1456245358581	0	DISTRACT_END
1456245359732	1	REC_START
1456245389742	1	REC_END
1456245393822	0	TRIAL	3	STIM_PARAMS	0
1456245393822	0	COUNTDOWN_START
1456245404250	0	COUNTDOWN_END
1456245404258	1	ORIENT
1456245406707	1	WORD	text	ROCK	0	NO_STIM
1456245409292	1	WORD	text	BLOOM	1	NO_STIM
1456245411742	1	WORD	text	STONE	2	NO_STIM
1456245414260	1	WORD	text	FUDGE	3	NO_STIM
1456245416692	1	WORD	text	FLAG	4	NO_STIM
1456245419278	1	WORD	text	MAZE	5	NO_STIM
1456245421794	1	WORD	text	FOG	6	NO_STIM
1456245424312	1	WORD	text	SMOKE	7	NO_STIM
1456245426795	1	WORD	text	DOCK	8	NO_STIM
1456245429363	1	WORD	text	CONE	9	NO_STIM
1456245431846	1	WORD	text	BOY	10	NO_STIM
1456245434380	1	WORD	text	FORT	11	NO_STIM
1456245435996	0	DISTRACT_START
1456245456634	0	DISTRACT_END
1456245457818	1	REC_START
1456245487828	1	REC_END
1456245495076	0	TRIAL	4	STIM_PARAMS	0
1456245495076	0	COUNTDOWN_START
1456245505504	0	COUNTDOWN_END
1456245505510	1	ORIENT
1456245508062	1	WORD	text	BRIDGE	0	NO_STIM
1456245510495	1	WORD	text	CAKE	1	NO_STIM
1456245512945	1	WORD	text	TRAIN	2	NO_STIM
1456245515396	1	WORD	text	ICE	3	NO_STIM
1456245517979	1	WORD	text	JAIL	4	NO_STIM
1456245520381	1	WORD	text	CHAIR	5	NO_STIM
1456245522880	1	WORD	text	DART	6	NO_STIM
1456245525431	1	WORD	text	BADGE	7	NO_STIM
1456245527815	1	WORD	text	CLOCK	8	NO_STIM
1456245530416	1	WORD	text	STREET	9	NO_STIM
1456245532899	1	WORD	text	MULE	10	NO_STIM
1456245535367	1	WORD	text	BENCH	11	NO_STIM
1456245536983	0	DISTRACT_START
1456245557771	0	DISTRACT_END
1456245558921	1	REC_START
1456245588934	1	REC_END
1456245597779	0	TRIAL	5	STIM_PARAMS	0
1456245597778	0	COUNTDOWN_START
1456245608206	0	COUNTDOWN_END
1456245608215	1	ORIENT
1456245610798	1	WORD	text	TRAY	0	NO_STIM
1456245613282	1	WORD	text	ROSE	1	NO_STIM
1456245615882	1	WORD	text	BEACH	2	NO_STIM
1456245618400	1	WORD	text	BOAT	3	NO_STIM
1456245620933	1	WORD	text	LEG	4	NO_STIM
1456245623401	1	WORD	text	SUN	5	NO_STIM
1456245625934	1	WORD	text	FLOOR	6	NO_STIM
1456245628468	1	WORD	text	RICE	7	NO_STIM
1456245630868	1	WORD	text	DRUM	8	NO_STIM
1456245633452	1	WORD	text	STAIR	9	NO_STIM
1456245635836	1	WORD	text	VEST	10	NO_STIM
1456245638337	1	WORD	text	TOY	11	NO_STIM
1456245639953	0	DISTRACT_START
1456245664508	0	DISTRACT_END
1456245665709	1	REC_START
1456245695723	1	REC_END
1456245697316	0	TRIAL	6	STIM_PARAMS	0
1456245697316	0	COUNTDOWN_START
1456245707744	0	COUNTDOWN_END
1456245707750	1	ORIENT
1456245710351	1	WORD	text	CHIN	0	NO_STIM
1456245712734	1	WORD	text	FORK	1	NO_STIM
1456245715153	1	WORD	text	OAR	2	NO_STIM
1456245717719	1	WORD	text	DOLL	3	NO_STIM
1456245720304	1	WORD	text	DEER	4	NO_STIM
1456245722820	1	WORD	text	SEAL	5	NO_STIM
1456245725238	1	WORD	text	PET	6	NO_STIM
1456245727771	1	WORD	text	BRUSH	7	NO_STIM
1456245730306	1	WORD	text	GOAT	8	NO_STIM
1456245732871	1	WORD	text	DOG	9	NO_STIM
1456245735290	1	WORD	text	CAT	10	NO_STIM
1456245737739	1	WORD	text	SOUP	11	NO_STIM
1456245739340	0	DISTRACT_START
1456245760178	0	DISTRACT_END
1456245761346	1	REC_START
1456245791356	1	REC_END
1456245798119	0	TRIAL	7	STIM_PARAMS	0
1456245798119	0	COUNTDOWN_START
1456245808547	0	COUNTDOWN_END
1456245808553	1	ORIENT
1456245810987	1	WORD	text	STEAM	0	NO_STIM
1456245813471	1	WORD	text	POOL	1	NO_STIM
1456245815972	1	WORD	text	BATH	2	NO_STIM
1456245818356	1	WORD	text	DOOR	3	NO_STIM
1456245820973	1	WORD	text	BUSH	4	NO_STIM
1456245823540	1	WORD	text	ROOF	5	NO_STIM
1456245825990	1	WORD	text	FENCE	6	NO_STIM
1456245828574	1	WORD	text	ROPE	7	NO_STIM
1456245831025	1	WORD	text	SALT	8	NO_STIM
1456245833542	1	WORD	text	SPOON	9	NO_STIM
1456245835959	1	WORD	text	PIPE	10	NO_STIM
1456245838559	1	WORD	text	FROG	11	NO_STIM
1456245840161	0	DISTRACT_START
1456245861215	0	DISTRACT_END
1456245862332	1	REC_START
1456245892343	1	REC_END
1456245893654	0	TRIAL	8	STIM_PARAMS	0
1456245893654	0	COUNTDOWN_START
1456245904082	0	COUNTDOWN_END
1456245904090	1	ORIENT
1456245906589	1	WORD	text	WHEEL	0	NO_STIM
1456245909124	1	WORD	text	PIN	1	NO_STIM
1456245911541	1	WORD	text	BAND	2	NO_STIM
1456245914042	1	WORD	text	WAND	3	NO_STIM
1456245916558	1	WORD	text	SKY	4	NO_STIM
1456245919076	1	WORD	text	POLE	5	NO_STIM
1456245921609	1	WORD	text	GLASS	6	NO_STIM
1456245924044	1	WORD	text	LAWN	7	NO_STIM
1456245926627	1	WORD	text	HOUSE	8	NO_STIM
1456245929045	1	WORD	text	LOCK	9	NO_STIM
1456245931477	1	WORD	text	CART	10	NO_STIM
1456245933928	1	WORD	text	BED	11	NO_STIM
1456245935545	0	DISTRACT_START
1456245956100	0	DISTRACT_END
1456245957268	1	REC_START
1456245987278	1	REC_END
1456245988589	0	TRIAL	9	STIM_PARAMS	0
1456245988589	0	COUNTDOWN_START
1456245999017	0	COUNTDOWN_END
1456245999025	1	ORIENT
1456246001642	1	WORD	text	DRESS	0	NO_STIM
1456246004193	1	WORD	text	DITCH	1	NO_STIM
1456246006659	1	WORD	text	KITE	2	NO_STIM
1456246009077	1	WORD	text	ROAD	3	NO_STIM
1456246011577	1	WORD	text	GATE	4	NO_STIM
1456246014112	1	WORD	text	TIE	5	NO_STIM
1456246016661	1	WORD	text	AXE	6	NO_STIM
1456246019129	1	WORD	text	STOOL	7	NO_STIM
1456246021579	1	WORD	text	NOSE	8	NO_STIM
1456246024064	1	WORD	text	SWORD	9	NO_STIM
1456246026613	1	WORD	text	SLEEVE	10	NO_STIM
1456246029065	1	WORD	text	COUCH	11	NO_STIM
1456246030681	0	DISTRACT_START
1456246052136	0	DISTRACT_END
1456246053337	1	REC_START
1456246083347	1	REC_END
1456246091826	0	TRIAL	10	STIM_PARAMS	0
1456246091826	0	COUNTDOWN_START
1456246102254	0	COUNTDOWN_END
1456246102262	1	ORIENT
1456246104712	1	WORD	text	JUICE	0	NO_STIM
1456246107113	1	WORD	text	PEARL	1	NO_STIM
1456246109513	1	WORD	text	SMILE	2	NO_STIM
1456246111997	1	WORD	text	RIB	3	NO_STIM
1456246114547	1	WORD	text	WORM	4	NO_STIM
1456246116964	1	WORD	text	SNAIL	5	NO_STIM
1456246119366	1	WORD	text	MOLE	6	NO_STIM
1456246121799	1	WORD	text	BEE	7	NO_STIM
1456246124183	1	WORD	text	FLEA	8	NO_STIM
1456246126600	1	WORD	text	TOAD	9	NO_STIM
1456246129018	1	WORD	text	TOOTH	10	NO_STIM
1456246131434	1	WORD	text	ANT	11	NO_STIM
1456246133052	0	DISTRACT_START
1456246153089	0	DISTRACT_END
1456246154157	1	REC_START
1456246184167	1	REC_END
1456246190646	0	TRIAL	11	STIM_PARAMS	0
1456246190646	0	COUNTDOWN_START
1456246201074	0	COUNTDOWN_END
1456246201082	1	ORIENT
1456246203615	1	WORD	text	HORSE	0	NO_STIM
1456246205999	1	WORD	text	BRICK	1	NO_STIM
1456246208532	1	WORD	text	TEETH	2	NO_STIM
1456246210916	1	WORD	text	SHRIMP	3	NO_STIM
1456246213401	1	WORD	text	ZOO	4	NO_STIM
1456246215884	1	WORD	text	SKI	5	NO_STIM
1456246218386	1	WORD	text	GRAPE	6	NO_STIM
1456246220935	1	WORD	text	BLUSH	7	NO_STIM
1456246223336	1	WORD	text	MOON	8	NO_STIM
1456246225802	1	WORD	text	SHIP	9	NO_STIM
1456246228171	1	WORD	text	TRASH	10	NO_STIM
1456246230770	1	WORD	text	BOMB	11	NO_STIM
1456246232371	0	DISTRACT_START
1456246253758	0	DISTRACT_END
1456246254792	1	REC_START
1456246284806	1	REC_END
1456246286299	0	TRIAL	12	STIM_PARAMS	0
1456246286299	0	COUNTDOWN_START
1456246296727	0	COUNTDOWN_END
1456246296733	1	ORIENT
1456246299168	1	WORD	text	STICK	0	NO_STIM
1456246301651	1	WORD	text	LAKE	1	NO_STIM
1456246304052	1	WORD	text	CUBE	2	NO_STIM
1456246306602	1	WORD	text	CHALK	3	NO_STIM
1456246309170	1	WORD	text	GUARD	4	NO_STIM
1456246311770	1	WORD	text	JAR	5	NO_STIM
1456246314171	1	WORD	text	PALM	6	NO_STIM
1456246316704	1	WORD	text	TENT	7	NO_STIM
1456246319239	1	WORD	text	SNAKE	8	NO_STIM
1456246321722	1	WORD	text	CLIFF	9	NO_STIM
1456246324273	1	WORD	text	CUP	10	NO_STIM
1456246326656	1	WORD	text	SINK	11	NO_STIM
1456246328274	0	DISTRACT_START
1456246348960	0	DISTRACT_END
1456246350179	1	REC_START
1456246380191	1	REC_END
1456246384484	0	TRIAL	13	STIM_PARAMS	0
1456246384484	0	COUNTDOWN_START
1456245065426	0	E	Logging Ends
